<?xml version="1.0" encoding="UTF-8"?>
<testsuite name="test.java.project.math.MultiplierTest" tests="1" skipped="0" failures="0" errors="0" timestamp="2019-03-04T01:11:57" hostname="Ajinkyas-MacBook-Pro.local" time="0.002">
  <properties/>
  <testcase name="firstNPrimesTest" classname="test.java.project.math.MultiplierTest" time="0.002"/>
  <system-out><![CDATA[]]></system-out>
  <system-err><![CDATA[]]></system-err>
</testsuite>
